<?xml version="1.0" encoding="UTF-8"?>
<!-- Generated by org.testng.reporters.JUnitReportReporter -->
<testsuite skipped="0" hostname="DESKTOP-QIVP306" name="TestCaseWithoutFF" tests="1" failures="0" timestamp="11 Mar 2019 06:13:58 GMT" time="59.313" errors="0">
  <testcase name="NoDriver" time="59.313" classname="TestCaseWithoutFF"/>
</testsuite> <!-- TestCaseWithoutFF -->
